{
  "RSpec": {
    "coverage": {
      "/Users/tomohiro/rails/posfis/config/environment.rb": [
        null,
        1,
        null,
        null,
        1
      ],
      "/Users/tomohiro/rails/posfis/config/application.rb": [
        1,
        null,
        null,
        1,
        1,
        1,
        1,
        null,
        null,
        null,
        null,
        1,
        null,
        1,
        1,
        null,
        null,
        null,
        null,
        null,
        null,
        1,
        null,
        null,
        null,
        1,
        null,
        null
      ],
      "/Users/tomohiro/rails/posfis/config/boot.rb": [
        null,
        1,
        null,
        1
      ],
      "/Users/tomohiro/rails/posfis/config/environments/test.rb": [
        1,
        null,
        null,
        null,
        null,
        null,
        null,
        1,
        null,
        null,
        null,
        null,
        1,
        null,
        null,
        1,
        1,
        null,
        null,
        1,
        1,
        null,
        null,
        1,
        null,
        null,
        1,
        null,
        null,
        null,
        null,
        1,
        null,
        null,
        1,
        null
      ],
      "/Users/tomohiro/rails/posfis/config/initializers/backtrace_silencers.rb": [
        null,
        null,
        null,
        null,
        null,
        null,
        null
      ],
      "/Users/tomohiro/rails/posfis/config/initializers/devise.rb": [
        null,
        null,
        1,
        null,
        null,
        null,
        1,
        null,
        null,
        null,
        null,
        null,
        null,
        null,
        null,
        1,
        null,
        null,
        null,
        null,
        null,
        null,
        null,
        null,
        null,
        null,
        null,
        null,
        null,
        null,
        null,
        null,
        null,
        null,
        null,
        null,
        null,
        1,
        null,
        null,
        null,
        null,
        1,
        null,
        null,
        null,
        null,
        null,
        null,
        null,
        null,
        null,
        null,
        null,
        null,
        null,
        null,
        null,
        null,
        null,
        null,
        null,
        null,
        null,
        null,
        null,
        null,
        null,
        null,
        null,
        null,
        null,
        null,
        null,
        null,
        null,
        1,
        1,
        null,
        null,
        null,
        null,
        null,
        null,
        null,
        null,
        null,
        null,
        null,
        null,
        null,
        null,
        1,
        null,
        null,
        null,
        null,
        null,
        null,
        null,
        null,
        null,
        null,
        null,
        null,
        null,
        null,
        null,
        null,
        null,
        null,
        null,
        null,
        null,
        null,
        null,
        null,
        1,
        null,
        null,
        null,
        null,
        null,
        null,
        null,
        null,
        null,
        null,
        null,
        null,
        null,
        null,
        null,
        null,
        null,
        1,
        null,
        null,
        null,
        null,
        null,
        null,
        null,
        null,
        null,
        null,
        null,
        null,
        null,
        null,
        null,
        null,
        null,
        null,
        null,
        null,
        null,
        null,
        null,
        null,
        null,
        null,
        null,
        null,
        null,
        null,
        null,
        null,
        null,
        null,
        null,
        null,
        null,
        null,
        null,
        null,
        null,
        null,
        null,
        null,
        null,
        1,
        null,
        null,
        null,
        null,
        null,
        null,
        null,
        null,
        null,
        null,
        null,
        null,
        null,
        null,
        null,
        null,
        null,
        null,
        null,
        null,
        null,
        null,
        null,
        null,
        null,
        null,
        null,
        null,
        null,
        null,
        null,
        null,
        null,
        null,
        null,
        null,
        null,
        null,
        null,
        null,
        null,
        1,
        null,
        null,
        null,
        null,
        null,
        null,
        null,
        null,
        null,
        null,
        null,
        null,
        null,
        null,
        null,
        null,
        null,
        null,
        null,
        null,
        null,
        null,
        null,
        null,
        null,
        null,
        null,
        null,
        null
      ],
      "/Users/tomohiro/rails/posfis/config/initializers/filter_parameter_logging.rb": [
        null,
        null,
        null,
        1
      ],
      "/Users/tomohiro/rails/posfis/config/initializers/inflections.rb": [
        null,
        null,
        null,
        null,
        null,
        null,
        null,
        null,
        null,
        null,
        null,
        null,
        null,
        null,
        null,
        null
      ],
      "/Users/tomohiro/rails/posfis/config/initializers/mime_types.rb": [
        null,
        null,
        null,
        null,
        null
      ],
      "/Users/tomohiro/rails/posfis/config/initializers/secret_token.rb": [
        null,
        null,
        null,
        null,
        null,
        null,
        null,
        null,
        null,
        null,
        null,
        1
      ],
      "/Users/tomohiro/rails/posfis/config/initializers/session_store.rb": [
        null,
        null,
        1
      ],
      "/Users/tomohiro/rails/posfis/config/initializers/wrap_parameters.rb": [
        null,
        null,
        null,
        null,
        null,
        null,
        1,
        1,
        null,
        null,
        null,
        null,
        null,
        null
      ],
      "/Users/tomohiro/rails/posfis/spec/factories/manage_blog_categories.rb": [
        null,
        null,
        1,
        1,
        1,
        1,
        null,
        null
      ],
      "/Users/tomohiro/rails/posfis/spec/factories/manage_blogs.rb": [
        null,
        null,
        1,
        1,
        1,
        1,
        1,
        1,
        1,
        null,
        null
      ],
      "/Users/tomohiro/rails/posfis/spec/factories/manage_friends.rb": [
        null,
        null,
        1,
        1,
        1,
        1,
        null,
        null
      ],
      "/Users/tomohiro/rails/posfis/spec/factories/manage_products.rb": [
        null,
        null,
        1,
        1,
        null,
        null
      ],
      "/Users/tomohiro/rails/posfis/spec/factories/userinfos.rb": [
        null,
        null,
        1,
        1,
        1,
        1,
        1,
        1,
        1,
        1,
        null,
        null
      ],
      "/Users/tomohiro/rails/posfis/spec/factories/users.rb": [
        null,
        null,
        1,
        1,
        1,
        1,
        null,
        null
      ],
      "/Users/tomohiro/rails/posfis/config/routes.rb": [
        1,
        null,
        1,
        1,
        1,
        1,
        1,
        1,
        1,
        null,
        null,
        1,
        1,
        null,
        null,
        null,
        1,
        null,
        1,
        null,
        null,
        null,
        null,
        null,
        null,
        null,
        null,
        null,
        null,
        null,
        null,
        null,
        null,
        null,
        null,
        null,
        null,
        null,
        null,
        null,
        null,
        null,
        null,
        null,
        null,
        null,
        null,
        null,
        null,
        null,
        null,
        null,
        null,
        null,
        null,
        null,
        null,
        null,
        null,
        null,
        null,
        null,
        null,
        null,
        null,
        null,
        null,
        null,
        null,
        null,
        null,
        null,
        null,
        1,
        null,
        null,
        null,
        1,
        null,
        1,
        null
      ],
      "/Users/tomohiro/rails/posfis/app/models/user.rb": [
        1,
        null,
        null,
        null,
        1,
        null,
        null,
        1,
        null,
        1,
        5,
        null,
        null
      ],
      "/Users/tomohiro/rails/posfis/app/helpers/application_helper.rb": [
        1,
        null
      ],
      "/Users/tomohiro/rails/posfis/app/helpers/manage_helper.rb": [
        1,
        null
      ],
      "/Users/tomohiro/rails/posfis/app/helpers/manage/blogs_helper.rb": [
        1,
        null
      ],
      "/Users/tomohiro/rails/posfis/app/models/manage.rb": [
        1,
        1,
        0,
        null,
        null
      ],
      "/Users/tomohiro/rails/posfis/app/helpers/manage/friends_helper.rb": [
        1,
        null
      ],
      "/Users/tomohiro/rails/posfis/app/helpers/manage/products_helper.rb": [
        1,
        null
      ],
      "/Users/tomohiro/rails/posfis/app/helpers/manage/settings_helper.rb": [
        1,
        null
      ],
      "/Users/tomohiro/rails/posfis/app/helpers/manage/trades_helper.rb": [
        1,
        null
      ],
      "/Users/tomohiro/rails/posfis/app/helpers/manage/user_settings_helper.rb": [
        1,
        null
      ],
      "/Users/tomohiro/rails/posfis/app/helpers/registrations_helper.rb": [
        1,
        null
      ],
      "/Users/tomohiro/rails/posfis/app/helpers/tops_helper.rb": [
        1,
        null
      ],
      "/Users/tomohiro/rails/posfis/app/controllers/manage/blogs_controller.rb": [
        1,
        1,
        null,
        null,
        null,
        1,
        0,
        null,
        null,
        null,
        null,
        1,
        null,
        null,
        null,
        1,
        0,
        0,
        null,
        null,
        null,
        1,
        0,
        null,
        null,
        null,
        null,
        1,
        0,
        0,
        0,
        null,
        0,
        0,
        0,
        0,
        null,
        0,
        0,
        null,
        null,
        null,
        null,
        null,
        null,
        1,
        0,
        0,
        0,
        0,
        null,
        0,
        0,
        null,
        null,
        null,
        null,
        null,
        null,
        1,
        0,
        0,
        0,
        0,
        null,
        null,
        null,
        1,
        null,
        1,
        0,
        null,
        null,
        null,
        1,
        0,
        null,
        null
      ],
      "/Users/tomohiro/rails/posfis/app/controllers/manage_controller.rb": [
        1,
        1,
        1,
        null,
        1,
        null,
        null
      ],
      "/Users/tomohiro/rails/posfis/app/controllers/application_controller.rb": [
        1,
        null,
        null,
        1,
        1,
        0,
        null,
        null
      ],
      "/Users/tomohiro/rails/posfis/spec/controllers/manage/friends_controller_spec.rb": [
        1,
        null,
        null,
        null,
        null,
        null,
        null,
        null,
        null,
        null,
        null,
        null,
        null,
        null,
        null,
        null,
        null,
        null,
        null,
        null,
        1,
        null,
        null,
        null,
        null,
        1,
        null,
        null,
        null,
        null,
        1,
        null,
        1,
        1,
        0,
        0,
        0,
        null,
        null,
        null,
        1,
        1,
        0,
        0,
        0,
        null,
        null,
        null,
        1,
        1,
        0,
        0,
        null,
        null,
        null,
        1,
        1,
        0,
        0,
        0,
        null,
        null,
        null,
        1,
        1,
        1,
        0,
        0,
        null,
        null,
        null,
        1,
        0,
        0,
        0,
        null,
        null,
        1,
        0,
        0,
        null,
        null,
        null,
        1,
        1,
        null,
        0,
        0,
        0,
        null,
        null,
        1,
        null,
        0,
        0,
        0,
        null,
        null,
        null,
        null,
        1,
        1,
        1,
        0,
        null,
        null,
        null,
        null,
        0,
        0,
        null,
        null,
        1,
        0,
        0,
        0,
        null,
        null,
        1,
        0,
        0,
        0,
        null,
        null,
        null,
        1,
        1,
        0,
        null,
        0,
        0,
        0,
        null,
        null,
        1,
        0,
        null,
        0,
        0,
        0,
        null,
        null,
        null,
        null,
        1,
        1,
        0,
        0,
        0,
        null,
        null,
        null,
        1,
        0,
        0,
        0,
        null,
        null,
        null,
        null
      ],
      "/Users/tomohiro/rails/posfis/app/controllers/manage/friends_controller.rb": [
        1,
        1,
        null,
        null,
        null,
        1,
        0,
        null,
        null,
        null,
        null,
        1,
        null,
        null,
        null,
        1,
        0,
        null,
        null,
        null,
        1,
        null,
        null,
        null,
        null,
        1,
        0,
        null,
        0,
        0,
        0,
        0,
        null,
        0,
        0,
        null,
        null,
        null,
        null,
        null,
        null,
        1,
        0,
        0,
        0,
        0,
        null,
        0,
        0,
        null,
        null,
        null,
        null,
        null,
        null,
        1,
        0,
        0,
        0,
        0,
        null,
        null,
        null,
        1,
        null,
        1,
        0,
        null,
        null,
        null,
        1,
        0,
        null,
        null
      ],
      "/Users/tomohiro/rails/posfis/spec/controllers/manage/products_controller_spec.rb": [
        1,
        null,
        null,
        null,
        null,
        null,
        null,
        null,
        null,
        null,
        null,
        null,
        null,
        null,
        null,
        null,
        null,
        null,
        null,
        null,
        1,
        null,
        null,
        null,
        null,
        1,
        null,
        null,
        null,
        null,
        1,
        null,
        1,
        1,
        0,
        0,
        0,
        null,
        null,
        null,
        1,
        1,
        0,
        0,
        0,
        null,
        null,
        null,
        1,
        1,
        0,
        0,
        null,
        null,
        null,
        1,
        1,
        0,
        0,
        0,
        null,
        null,
        null,
        1,
        1,
        1,
        0,
        0,
        null,
        null,
        null,
        1,
        0,
        0,
        0,
        null,
        null,
        1,
        0,
        0,
        null,
        null,
        null,
        1,
        1,
        null,
        0,
        0,
        0,
        null,
        null,
        1,
        null,
        0,
        0,
        0,
        null,
        null,
        null,
        null,
        1,
        1,
        1,
        0,
        null,
        null,
        null,
        null,
        0,
        0,
        null,
        null,
        1,
        0,
        0,
        0,
        null,
        null,
        1,
        0,
        0,
        0,
        null,
        null,
        null,
        1,
        1,
        0,
        null,
        0,
        0,
        0,
        null,
        null,
        1,
        0,
        null,
        0,
        0,
        0,
        null,
        null,
        null,
        null,
        1,
        1,
        0,
        0,
        0,
        null,
        null,
        null,
        1,
        0,
        0,
        0,
        null,
        null,
        null,
        null
      ],
      "/Users/tomohiro/rails/posfis/app/controllers/manage/products_controller.rb": [
        1,
        1,
        null,
        null,
        null,
        1,
        0,
        null,
        null,
        null,
        null,
        1,
        null,
        null,
        null,
        1,
        0,
        null,
        null,
        null,
        1,
        null,
        null,
        null,
        null,
        1,
        0,
        null,
        0,
        0,
        0,
        0,
        null,
        0,
        0,
        null,
        null,
        null,
        null,
        null,
        null,
        1,
        0,
        0,
        0,
        0,
        null,
        0,
        0,
        null,
        null,
        null,
        null,
        null,
        null,
        1,
        0,
        0,
        0,
        0,
        null,
        null,
        null,
        1,
        null,
        1,
        0,
        null,
        null,
        null,
        1,
        0,
        null,
        null
      ],
      "/Users/tomohiro/rails/posfis/spec/controllers/manage/settings_controller_spec.rb": [
        1,
        null,
        1,
        null,
        null
      ],
      "/Users/tomohiro/rails/posfis/app/controllers/manage/settings_controller.rb": [
        1,
        null,
        1,
        null,
        null
      ],
      "/Users/tomohiro/rails/posfis/spec/controllers/manage/trades_controller_spec.rb": [
        1,
        null,
        1,
        null,
        null
      ],
      "/Users/tomohiro/rails/posfis/app/controllers/manage/trades_controller.rb": [
        1,
        null,
        1,
        null,
        null,
        1,
        null,
        null
      ],
      "/Users/tomohiro/rails/posfis/spec/controllers/manage/user_settings_controller_spec.rb": [
        1,
        null,
        1,
        null,
        null
      ],
      "/Users/tomohiro/rails/posfis/app/controllers/manage/user_settings_controller.rb": [
        1,
        null,
        1,
        null,
        null
      ],
      "/Users/tomohiro/rails/posfis/spec/controllers/manage_controller_spec.rb": [
        1,
        null,
        1,
        null,
        null
      ],
      "/Users/tomohiro/rails/posfis/spec/controllers/registrations_controller_spec.rb": [
        1,
        null,
        1,
        null,
        null
      ],
      "/Users/tomohiro/rails/posfis/app/controllers/registrations_controller.rb": [
        1,
        null
      ],
      "/Users/tomohiro/rails/posfis/spec/controllers/tops_controller_spec.rb": [
        1,
        null,
        1,
        1,
        1,
        1,
        0,
        null,
        null,
        1,
        null,
        null
      ],
      "/Users/tomohiro/rails/posfis/app/controllers/tops_controller.rb": [
        1,
        null,
        null,
        1,
        null,
        null
      ],
      "/Users/tomohiro/rails/posfis/spec/helpers/manage/blogs_helper_spec.rb": [
        1,
        null,
        null,
        null,
        null,
        null,
        null,
        null,
        null,
        null,
        null,
        null,
        1,
        1,
        null
      ],
      "/Users/tomohiro/rails/posfis/spec/helpers/manage/friends_helper_spec.rb": [
        1,
        null,
        null,
        null,
        null,
        null,
        null,
        null,
        null,
        null,
        null,
        null,
        1,
        1,
        null
      ],
      "/Users/tomohiro/rails/posfis/spec/helpers/manage/products_helper_spec.rb": [
        1,
        null,
        null,
        null,
        null,
        null,
        null,
        null,
        null,
        null,
        null,
        null,
        1,
        1,
        null
      ],
      "/Users/tomohiro/rails/posfis/spec/helpers/manage/settings_helper_spec.rb": [
        1,
        null,
        null,
        null,
        null,
        null,
        null,
        null,
        null,
        null,
        null,
        null,
        1,
        1,
        null
      ],
      "/Users/tomohiro/rails/posfis/spec/helpers/manage/trades_helper_spec.rb": [
        1,
        null,
        null,
        null,
        null,
        null,
        null,
        null,
        null,
        null,
        null,
        null,
        1,
        1,
        null
      ],
      "/Users/tomohiro/rails/posfis/spec/helpers/manage/user_settings_helper_spec.rb": [
        1,
        null,
        null,
        null,
        null,
        null,
        null,
        null,
        null,
        null,
        null,
        null,
        1,
        1,
        null
      ],
      "/Users/tomohiro/rails/posfis/spec/helpers/manage_helper_spec.rb": [
        1,
        null,
        null,
        null,
        null,
        null,
        null,
        null,
        null,
        null,
        null,
        null,
        1,
        1,
        null
      ],
      "/Users/tomohiro/rails/posfis/spec/helpers/registrations_helper_spec.rb": [
        1,
        null,
        null,
        null,
        null,
        null,
        null,
        null,
        null,
        null,
        null,
        null,
        1,
        1,
        null
      ],
      "/Users/tomohiro/rails/posfis/spec/helpers/tops_helper_spec.rb": [
        1,
        null,
        null,
        null,
        null,
        null,
        null,
        null,
        null,
        null,
        null,
        null,
        1,
        null
      ],
      "/Users/tomohiro/rails/posfis/spec/models/manage/blog_categories_spec.rb": [
        1,
        null,
        1,
        1,
        null
      ],
      "/Users/tomohiro/rails/posfis/app/models/manage/blog_categories.rb": [
        1,
        null
      ],
      "/Users/tomohiro/rails/posfis/spec/models/manage/blog_category_spec.rb": [
        1,
        null,
        1,
        0,
        null
      ]
    },
    "timestamp": 1384148089
  }
}
